[13:19:06] [WARNING] mysql_connect: no password specified
[13:19:08] [ERROR] CConnection::CConnection - establishing connection to MySQL database failed: #2002 'Can't connect to MySQL server on '127.0.0.1' (10061)'
[13:19:11] [WARNING] mysql_connect: no password specified
[13:19:13] [ERROR] CConnection::CConnection - establishing connection to MySQL database failed: #2002 'Can't connect to MySQL server on '127.0.0.1' (10061)'
[13:19:21] [WARNING] mysql_connect: no password specified
[13:19:23] [ERROR] CConnection::CConnection - establishing connection to MySQL database failed: #2002 'Can't connect to MySQL server on '127.0.0.1' (10061)'
[13:19:25] [ERROR] CConnection::CConnection - establishing connection to MySQL database failed: #2002 'Can't connect to MySQL server on '127.0.0.1' (10061)'
[13:19:27] [ERROR] CConnection::CConnection - establishing connection to MySQL database failed: #2002 'Can't connect to MySQL server on '127.0.0.1' (10061)'
[13:19:29] [ERROR] CConnection::CConnection - establishing connection to MySQL database failed: #2002 'Can't connect to MySQL server on '127.0.0.1' (10061)'
[13:35:30] [WARNING] mysql_connect: no password specified
[13:35:32] [ERROR] CConnection::CConnection - establishing connection to MySQL database failed: #2002 'Can't connect to MySQL server on '127.0.0.1' (10061)'
[13:35:34] [ERROR] CConnection::CConnection - establishing connection to MySQL database failed: #2002 'Can't connect to MySQL server on '127.0.0.1' (10061)'
[13:35:36] [ERROR] CConnection::CConnection - establishing connection to MySQL database failed: #2002 'Can't connect to MySQL server on '127.0.0.1' (10061)'
[13:35:38] [ERROR] CConnection::CConnection - establishing connection to MySQL database failed: #2002 'Can't connect to MySQL server on '127.0.0.1' (10061)'
[13:36:11] [WARNING] mysql_connect: no password specified
[13:36:13] [ERROR] CConnection::CConnection - establishing connection to MySQL database failed: #2002 'Can't connect to MySQL server on '127.0.0.1' (10061)'
[13:36:15] [ERROR] CConnection::CConnection - establishing connection to MySQL database failed: #2002 'Can't connect to MySQL server on '127.0.0.1' (10061)'
[13:36:17] [ERROR] CConnection::CConnection - establishing connection to MySQL database failed: #2002 'Can't connect to MySQL server on '127.0.0.1' (10061)'
[13:36:19] [ERROR] CConnection::CConnection - establishing connection to MySQL database failed: #2002 'Can't connect to MySQL server on '127.0.0.1' (10061)'
[13:51:20] [WARNING] mysql_connect: no password specified
[13:51:20] [ERROR] CConnection::CConnection - establishing connection to MySQL database failed: #1049 'Unknown database 'rpg1''
[13:51:20] [ERROR] CConnection::CConnection - establishing connection to MySQL database failed: #1049 'Unknown database 'rpg1''
[13:51:20] [ERROR] CConnection::CConnection - establishing connection to MySQL database failed: #1049 'Unknown database 'rpg1''
[13:51:20] [ERROR] CConnection::CConnection - establishing connection to MySQL database failed: #1049 'Unknown database 'rpg1''
[13:52:35] [WARNING] mysql_connect: no password specified
[13:52:35] [ERROR] CConnection::CConnection - establishing connection to MySQL database failed: #1049 'Unknown database 'rpg1''
[13:52:35] [ERROR] CConnection::CConnection - establishing connection to MySQL database failed: #1049 'Unknown database 'rpg1''
[13:52:35] [ERROR] CConnection::CConnection - establishing connection to MySQL database failed: #1049 'Unknown database 'rpg1''
[13:52:35] [ERROR] CConnection::CConnection - establishing connection to MySQL database failed: #1049 'Unknown database 'rpg1''
[13:55:37] [ERROR] CConnection::CConnection - establishing connection to MySQL database failed: #1045 'Access denied for user 'root'@'localhost' (using password: YES)'
[13:55:37] [ERROR] CConnection::CConnection - establishing connection to MySQL database failed: #1045 'Access denied for user 'root'@'localhost' (using password: YES)'
[13:55:37] [ERROR] CConnection::CConnection - establishing connection to MySQL database failed: #1045 'Access denied for user 'root'@'localhost' (using password: YES)'
[13:55:37] [ERROR] CConnection::CConnection - establishing connection to MySQL database failed: #1045 'Access denied for user 'root'@'localhost' (using password: YES)'
[13:56:19] [WARNING] mysql_connect: no password specified
[13:56:19] [ERROR] CConnection::CConnection - establishing connection to MySQL database failed: #1049 'Unknown database 'rpg1''
[13:56:19] [ERROR] CConnection::CConnection - establishing connection to MySQL database failed: #1049 'Unknown database 'rpg1''
[13:56:19] [ERROR] CConnection::CConnection - establishing connection to MySQL database failed: #1049 'Unknown database 'rpg1''
[13:56:19] [ERROR] CConnection::CConnection - establishing connection to MySQL database failed: #1049 'Unknown database 'rpg1''
[13:59:10] [WARNING] mysql_connect: no password specified
[13:59:10] [ERROR] CConnection::CConnection - establishing connection to MySQL database failed: #2005 'Unknown MySQL server host '127.0.0.1:3306' (0)'
[13:59:10] [ERROR] CConnection::CConnection - establishing connection to MySQL database failed: #2005 'Unknown MySQL server host '127.0.0.1:3306' (0)'
[13:59:10] [ERROR] CConnection::CConnection - establishing connection to MySQL database failed: #2005 'Unknown MySQL server host '127.0.0.1:3306' (0)'
[13:59:10] [ERROR] CConnection::CConnection - establishing connection to MySQL database failed: #2005 'Unknown MySQL server host '127.0.0.1:3306' (0)'
[14:20:48] [WARNING] mysql_connect: no password specified
[14:20:48] [ERROR] CConnection::CConnection - establishing connection to MySQL database failed: #1049 'Unknown database 'rpg1''
[14:20:48] [ERROR] CConnection::CConnection - establishing connection to MySQL database failed: #1049 'Unknown database 'rpg1''
[14:20:48] [ERROR] CConnection::CConnection - establishing connection to MySQL database failed: #1049 'Unknown database 'rpg1''
[14:20:48] [ERROR] CConnection::CConnection - establishing connection to MySQL database failed: #1049 'Unknown database 'rpg1''
[14:21:27] [WARNING] mysql_connect: no password specified
[14:49:04] [WARNING] mysql_connect: no password specified
[15:03:49] [WARNING] mysql_connect: no password specified
[15:37:06] [WARNING] mysql_connect: no password specified
[15:37:06] [ERROR] mysql_tquery: callback error: parameter count does not match format specifier length
[15:37:58] [ERROR] error #1054 while executing query "SELECT `id`,`password`,`level`,`money`,`bank`,`rp`,`admin_level`,`faction` FROM `players` WHERE `username`='Punctulet' LIMIT 1": Unknown column 'faction' in 'field list'
[15:38:13] [ERROR] error #1062 while executing query "INSERT INTO `players` (`username`,`password`) VALUES ('Punctulet','112')": Duplicate entry 'Punctulet' for key 'username'
[15:43:16] [WARNING] mysql_connect: no password specified
[15:43:16] [ERROR] mysql_tquery: callback error: parameter count does not match format specifier length
[16:32:49] [WARNING] mysql_connect: no password specified
[16:32:49] [ERROR] mysql_tquery: callback error: parameter count does not match format specifier length
[16:32:49] [ERROR] error #1060 while executing query "ALTER TABLE `players` ADD COLUMN `faction` INT DEFAULT 0": Duplicate column name 'faction'
[16:39:00] [WARNING] mysql_connect: no password specified
[16:39:00] [ERROR] mysql_tquery: callback error: parameter count does not match format specifier length
[16:39:00] [ERROR] error #1060 while executing query "ALTER TABLE `players` ADD COLUMN `faction` INT DEFAULT 0": Duplicate column name 'faction'
[16:39:00] [ERROR] error #1060 while executing query "ALTER TABLE `factions` ADD COLUMN `pickup_id`  INT   DEFAULT -1": Duplicate column name 'pickup_id'
[16:39:00] [ERROR] error #1060 while executing query "ALTER TABLE `factions` ADD COLUMN `mapicon_id` INT   DEFAULT -1": Duplicate column name 'mapicon_id'
[16:39:00] [ERROR] error #1060 while executing query "ALTER TABLE `factions` ADD COLUMN `hq_x`       FLOAT DEFAULT 0.0": Duplicate column name 'hq_x'
[16:39:00] [ERROR] error #1060 while executing query "ALTER TABLE `factions` ADD COLUMN `hq_y`       FLOAT DEFAULT 0.0": Duplicate column name 'hq_y'
[16:39:00] [ERROR] error #1060 while executing query "ALTER TABLE `factions` ADD COLUMN `hq_z`       FLOAT DEFAULT 0.0": Duplicate column name 'hq_z'
[16:43:48] [WARNING] mysql_connect: no password specified
[16:43:48] [ERROR] error #1060 while executing query "ALTER TABLE `players` ADD COLUMN `faction` INT DEFAULT 0": Duplicate column name 'faction'
[16:43:48] [ERROR] error #1060 while executing query "ALTER TABLE `factions` ADD COLUMN `pickup_id`  INT   DEFAULT -1": Duplicate column name 'pickup_id'
[16:43:48] [ERROR] error #1060 while executing query "ALTER TABLE `factions` ADD COLUMN `mapicon_id` INT   DEFAULT -1": Duplicate column name 'mapicon_id'
[16:43:48] [ERROR] error #1060 while executing query "ALTER TABLE `factions` ADD COLUMN `hq_x`       FLOAT DEFAULT 0.0": Duplicate column name 'hq_x'
[16:43:48] [ERROR] error #1060 while executing query "ALTER TABLE `factions` ADD COLUMN `hq_y`       FLOAT DEFAULT 0.0": Duplicate column name 'hq_y'
[16:43:48] [ERROR] error #1060 while executing query "ALTER TABLE `factions` ADD COLUMN `hq_z`       FLOAT DEFAULT 0.0": Duplicate column name 'hq_z'
[17:06:09] [WARNING] mysql_connect: no password specified
[17:06:09] [ERROR] error #1060 while executing query "ALTER TABLE `players` ADD COLUMN `faction` INT DEFAULT 0": Duplicate column name 'faction'
[17:06:09] [ERROR] error #1060 while executing query "ALTER TABLE `factions` ADD COLUMN `pickup_id`  INT   DEFAULT -1": Duplicate column name 'pickup_id'
[17:06:09] [ERROR] error #1060 while executing query "ALTER TABLE `factions` ADD COLUMN `mapicon_id` INT   DEFAULT -1": Duplicate column name 'mapicon_id'
[17:06:09] [ERROR] error #1060 while executing query "ALTER TABLE `factions` ADD COLUMN `hq_x`       FLOAT DEFAULT 0.0": Duplicate column name 'hq_x'
[17:06:09] [ERROR] error #1060 while executing query "ALTER TABLE `factions` ADD COLUMN `hq_y`       FLOAT DEFAULT 0.0": Duplicate column name 'hq_y'
[17:06:09] [ERROR] error #1060 while executing query "ALTER TABLE `factions` ADD COLUMN `hq_z`       FLOAT DEFAULT 0.0": Duplicate column name 'hq_z'
[18:28:17] [WARNING] mysql_connect: no password specified
[18:28:17] [ERROR] error #1060 while executing query "ALTER TABLE `players` ADD COLUMN `faction` INT DEFAULT 0": Duplicate column name 'faction'
[18:28:17] [ERROR] error #1060 while executing query "ALTER TABLE `factions` ADD COLUMN `pickup_id`  INT   DEFAULT -1": Duplicate column name 'pickup_id'
[18:28:17] [ERROR] error #1060 while executing query "ALTER TABLE `factions` ADD COLUMN `mapicon_id` INT   DEFAULT -1": Duplicate column name 'mapicon_id'
[18:28:17] [ERROR] error #1060 while executing query "ALTER TABLE `factions` ADD COLUMN `hq_x`       FLOAT DEFAULT 0.0": Duplicate column name 'hq_x'
[18:28:17] [ERROR] error #1060 while executing query "ALTER TABLE `factions` ADD COLUMN `hq_y`       FLOAT DEFAULT 0.0": Duplicate column name 'hq_y'
[18:28:17] [ERROR] error #1060 while executing query "ALTER TABLE `factions` ADD COLUMN `hq_z`       FLOAT DEFAULT 0.0": Duplicate column name 'hq_z'
[20:09:14] [WARNING] mysql_connect: no password specified
[20:09:14] [ERROR] error #1060 while executing query "ALTER TABLE `players` ADD COLUMN `faction` INT DEFAULT 0": Duplicate column name 'faction'
[20:09:14] [ERROR] error #1060 while executing query "ALTER TABLE `factions` ADD COLUMN `pickup_id`  INT   DEFAULT -1": Duplicate column name 'pickup_id'
[20:09:14] [ERROR] error #1060 while executing query "ALTER TABLE `factions` ADD COLUMN `mapicon_id` INT   DEFAULT -1": Duplicate column name 'mapicon_id'
[20:09:14] [ERROR] error #1060 while executing query "ALTER TABLE `factions` ADD COLUMN `hq_x`       FLOAT DEFAULT 0.0": Duplicate column name 'hq_x'
[20:09:14] [ERROR] error #1060 while executing query "ALTER TABLE `factions` ADD COLUMN `hq_y`       FLOAT DEFAULT 0.0": Duplicate column name 'hq_y'
[20:09:14] [ERROR] error #1060 while executing query "ALTER TABLE `factions` ADD COLUMN `hq_z`       FLOAT DEFAULT 0.0": Duplicate column name 'hq_z'
[20:09:14] [ERROR] error #1060 while executing query "ALTER TABLE `houses` ADD COLUMN `owner_id` INT DEFAULT 0": Duplicate column name 'owner_id'
[20:09:14] [ERROR] error #1060 while executing query "ALTER TABLE `houses` ADD COLUMN `price`    INT DEFAULT 50000": Duplicate column name 'price'
[21:00:39] [WARNING] mysql_connect: no password specified
[21:00:39] [ERROR] error #1060 while executing query "ALTER TABLE `players` ADD COLUMN `faction` INT DEFAULT 0": Duplicate column name 'faction'
[21:00:39] [ERROR] error #1060 while executing query "ALTER TABLE `players` ADD COLUMN `house` INT DEFAULT 999": Duplicate column name 'house'
[21:00:39] [ERROR] error #1060 while executing query "ALTER TABLE `factions` ADD COLUMN `pickup_id`  INT   DEFAULT -1": Duplicate column name 'pickup_id'
[21:00:39] [ERROR] error #1060 while executing query "ALTER TABLE `factions` ADD COLUMN `mapicon_id` INT   DEFAULT -1": Duplicate column name 'mapicon_id'
[21:00:39] [ERROR] error #1060 while executing query "ALTER TABLE `factions` ADD COLUMN `hq_x`       FLOAT DEFAULT 0.0": Duplicate column name 'hq_x'
[21:00:39] [ERROR] error #1060 while executing query "ALTER TABLE `factions` ADD COLUMN `hq_y`       FLOAT DEFAULT 0.0": Duplicate column name 'hq_y'
[21:00:39] [ERROR] error #1060 while executing query "ALTER TABLE `factions` ADD COLUMN `hq_z`       FLOAT DEFAULT 0.0": Duplicate column name 'hq_z'
[21:00:39] [ERROR] error #1060 while executing query "ALTER TABLE `houses` ADD COLUMN `owner_id` INT DEFAULT 0": Duplicate column name 'owner_id'
[21:00:39] [ERROR] error #1060 while executing query "ALTER TABLE `houses` ADD COLUMN `price`    INT DEFAULT 50000": Duplicate column name 'price'
[21:01:09] [ERROR] mysql_format: destination size '128' is too small
[21:01:09] [ERROR] error #1065 while executing query "": Query was empty
[21:01:13] [ERROR] mysql_format: destination size '128' is too small
[21:01:13] [ERROR] error #1065 while executing query "": Query was empty
[21:02:50] [WARNING] mysql_connect: no password specified
[21:02:50] [ERROR] error #1060 while executing query "ALTER TABLE `players` ADD COLUMN `faction` INT DEFAULT 0": Duplicate column name 'faction'
[21:02:50] [ERROR] error #1060 while executing query "ALTER TABLE `players` ADD COLUMN `house` INT DEFAULT 999": Duplicate column name 'house'
[21:02:50] [ERROR] error #1060 while executing query "ALTER TABLE `players` ADD COLUMN `spawn_type` INT DEFAULT 1": Duplicate column name 'spawn_type'
[21:02:50] [ERROR] error #1060 while executing query "ALTER TABLE `factions` ADD COLUMN `pickup_id`  INT   DEFAULT -1": Duplicate column name 'pickup_id'
[21:02:50] [ERROR] error #1060 while executing query "ALTER TABLE `factions` ADD COLUMN `mapicon_id` INT   DEFAULT -1": Duplicate column name 'mapicon_id'
[21:02:50] [ERROR] error #1060 while executing query "ALTER TABLE `factions` ADD COLUMN `hq_x`       FLOAT DEFAULT 0.0": Duplicate column name 'hq_x'
[21:02:50] [ERROR] error #1060 while executing query "ALTER TABLE `factions` ADD COLUMN `hq_y`       FLOAT DEFAULT 0.0": Duplicate column name 'hq_y'
[21:02:50] [ERROR] error #1060 while executing query "ALTER TABLE `factions` ADD COLUMN `hq_z`       FLOAT DEFAULT 0.0": Duplicate column name 'hq_z'
[21:02:50] [ERROR] error #1060 while executing query "ALTER TABLE `houses` ADD COLUMN `owner_id` INT DEFAULT 0": Duplicate column name 'owner_id'
[21:02:50] [ERROR] error #1060 while executing query "ALTER TABLE `houses` ADD COLUMN `price`    INT DEFAULT 50000": Duplicate column name 'price'
[21:02:56] [WARNING] mysql_connect: no password specified
[21:02:57] [ERROR] error #1060 while executing query "ALTER TABLE `players` ADD COLUMN `faction` INT DEFAULT 0": Duplicate column name 'faction'
[21:02:57] [ERROR] error #1060 while executing query "ALTER TABLE `players` ADD COLUMN `house` INT DEFAULT 999": Duplicate column name 'house'
[21:02:57] [ERROR] error #1060 while executing query "ALTER TABLE `players` ADD COLUMN `spawn_type` INT DEFAULT 1": Duplicate column name 'spawn_type'
[21:02:57] [ERROR] error #1060 while executing query "ALTER TABLE `factions` ADD COLUMN `pickup_id`  INT   DEFAULT -1": Duplicate column name 'pickup_id'
[21:02:57] [ERROR] error #1060 while executing query "ALTER TABLE `factions` ADD COLUMN `mapicon_id` INT   DEFAULT -1": Duplicate column name 'mapicon_id'
[21:02:57] [ERROR] error #1060 while executing query "ALTER TABLE `factions` ADD COLUMN `hq_x`       FLOAT DEFAULT 0.0": Duplicate column name 'hq_x'
[21:02:57] [ERROR] error #1060 while executing query "ALTER TABLE `factions` ADD COLUMN `hq_y`       FLOAT DEFAULT 0.0": Duplicate column name 'hq_y'
[21:02:57] [ERROR] error #1060 while executing query "ALTER TABLE `factions` ADD COLUMN `hq_z`       FLOAT DEFAULT 0.0": Duplicate column name 'hq_z'
[21:02:57] [ERROR] error #1060 while executing query "ALTER TABLE `houses` ADD COLUMN `owner_id` INT DEFAULT 0": Duplicate column name 'owner_id'
[21:02:57] [ERROR] error #1060 while executing query "ALTER TABLE `houses` ADD COLUMN `price`    INT DEFAULT 50000": Duplicate column name 'price'
[21:07:35] [WARNING] mysql_connect: no password specified
[21:07:35] [ERROR] error #1060 while executing query "ALTER TABLE `players` ADD COLUMN `faction` INT DEFAULT 0": Duplicate column name 'faction'
[21:07:35] [ERROR] error #1060 while executing query "ALTER TABLE `players` ADD COLUMN `house` INT DEFAULT 999": Duplicate column name 'house'
[21:07:35] [ERROR] error #1060 while executing query "ALTER TABLE `players` ADD COLUMN `spawn_type` INT DEFAULT 1": Duplicate column name 'spawn_type'
[21:07:35] [ERROR] error #1060 while executing query "ALTER TABLE `factions` ADD COLUMN `pickup_id`  INT   DEFAULT -1": Duplicate column name 'pickup_id'
[21:07:35] [ERROR] error #1060 while executing query "ALTER TABLE `factions` ADD COLUMN `mapicon_id` INT   DEFAULT -1": Duplicate column name 'mapicon_id'
[21:07:35] [ERROR] error #1060 while executing query "ALTER TABLE `factions` ADD COLUMN `hq_x`       FLOAT DEFAULT 0.0": Duplicate column name 'hq_x'
[21:07:35] [ERROR] error #1060 while executing query "ALTER TABLE `factions` ADD COLUMN `hq_y`       FLOAT DEFAULT 0.0": Duplicate column name 'hq_y'
[21:07:35] [ERROR] error #1060 while executing query "ALTER TABLE `factions` ADD COLUMN `hq_z`       FLOAT DEFAULT 0.0": Duplicate column name 'hq_z'
[21:07:35] [ERROR] error #1060 while executing query "ALTER TABLE `houses` ADD COLUMN `owner_id` INT DEFAULT 0": Duplicate column name 'owner_id'
[21:07:35] [ERROR] error #1060 while executing query "ALTER TABLE `houses` ADD COLUMN `price`    INT DEFAULT 50000": Duplicate column name 'price'
[21:08:55] [WARNING] mysql_connect: no password specified
[21:08:57] [ERROR] CConnection::CConnection - establishing connection to MySQL database failed: #2002 'Can't connect to MySQL server on '127.0.0.1' (10061)'
[21:09:22] [WARNING] mysql_connect: no password specified
[21:09:22] [ERROR] error #1060 while executing query "ALTER TABLE `players` ADD COLUMN `faction` INT DEFAULT 0": Duplicate column name 'faction'
[21:09:22] [ERROR] error #1060 while executing query "ALTER TABLE `players` ADD COLUMN `house` INT DEFAULT 999": Duplicate column name 'house'
[21:09:22] [ERROR] error #1060 while executing query "ALTER TABLE `players` ADD COLUMN `spawn_type` INT DEFAULT 1": Duplicate column name 'spawn_type'
[21:09:22] [ERROR] error #1060 while executing query "ALTER TABLE `factions` ADD COLUMN `pickup_id`  INT   DEFAULT -1": Duplicate column name 'pickup_id'
[21:09:22] [ERROR] error #1060 while executing query "ALTER TABLE `factions` ADD COLUMN `mapicon_id` INT   DEFAULT -1": Duplicate column name 'mapicon_id'
[21:09:22] [ERROR] error #1060 while executing query "ALTER TABLE `factions` ADD COLUMN `hq_x`       FLOAT DEFAULT 0.0": Duplicate column name 'hq_x'
[21:09:22] [ERROR] error #1060 while executing query "ALTER TABLE `factions` ADD COLUMN `hq_y`       FLOAT DEFAULT 0.0": Duplicate column name 'hq_y'
[21:09:22] [ERROR] error #1060 while executing query "ALTER TABLE `factions` ADD COLUMN `hq_z`       FLOAT DEFAULT 0.0": Duplicate column name 'hq_z'
[21:09:22] [ERROR] error #1060 while executing query "ALTER TABLE `houses` ADD COLUMN `owner_id` INT DEFAULT 0": Duplicate column name 'owner_id'
[21:09:22] [ERROR] error #1060 while executing query "ALTER TABLE `houses` ADD COLUMN `price`    INT DEFAULT 50000": Duplicate column name 'price'
[21:44:07] [WARNING] mysql_connect: no password specified
[21:44:07] [ERROR] error #1060 while executing query "ALTER TABLE `players` ADD COLUMN `faction` INT DEFAULT 0": Duplicate column name 'faction'
[21:44:07] [ERROR] error #1060 while executing query "ALTER TABLE `players` ADD COLUMN `house` INT DEFAULT 999": Duplicate column name 'house'
[21:44:07] [ERROR] error #1060 while executing query "ALTER TABLE `players` ADD COLUMN `spawn_type` INT DEFAULT 1": Duplicate column name 'spawn_type'
[21:44:07] [ERROR] error #1060 while executing query "ALTER TABLE `factions` ADD COLUMN `pickup_id`  INT   DEFAULT -1": Duplicate column name 'pickup_id'
[21:44:07] [ERROR] error #1060 while executing query "ALTER TABLE `factions` ADD COLUMN `mapicon_id` INT   DEFAULT -1": Duplicate column name 'mapicon_id'
[21:44:07] [ERROR] error #1060 while executing query "ALTER TABLE `factions` ADD COLUMN `hq_x`       FLOAT DEFAULT 0.0": Duplicate column name 'hq_x'
[21:44:07] [ERROR] error #1060 while executing query "ALTER TABLE `factions` ADD COLUMN `hq_y`       FLOAT DEFAULT 0.0": Duplicate column name 'hq_y'
[21:44:07] [ERROR] error #1060 while executing query "ALTER TABLE `factions` ADD COLUMN `hq_z`       FLOAT DEFAULT 0.0": Duplicate column name 'hq_z'
[21:44:07] [ERROR] error #1060 while executing query "ALTER TABLE `houses` ADD COLUMN `owner_id` INT DEFAULT 0": Duplicate column name 'owner_id'
[21:44:07] [ERROR] error #1060 while executing query "ALTER TABLE `houses` ADD COLUMN `price`    INT DEFAULT 50000": Duplicate column name 'price'
[21:58:45] [WARNING] mysql_connect: no password specified
[21:58:46] [ERROR] error #1060 while executing query "ALTER TABLE `players` ADD COLUMN `faction` INT DEFAULT 0": Duplicate column name 'faction'
[21:58:46] [ERROR] error #1060 while executing query "ALTER TABLE `players` ADD COLUMN `house` INT DEFAULT 999": Duplicate column name 'house'
[21:58:46] [ERROR] error #1060 while executing query "ALTER TABLE `players` ADD COLUMN `spawn_type` INT DEFAULT 1": Duplicate column name 'spawn_type'
[21:58:46] [ERROR] error #1060 while executing query "ALTER TABLE `factions` ADD COLUMN `pickup_id`  INT   DEFAULT -1": Duplicate column name 'pickup_id'
[21:58:46] [ERROR] error #1060 while executing query "ALTER TABLE `factions` ADD COLUMN `mapicon_id` INT   DEFAULT -1": Duplicate column name 'mapicon_id'
[21:58:46] [ERROR] error #1060 while executing query "ALTER TABLE `factions` ADD COLUMN `hq_x`       FLOAT DEFAULT 0.0": Duplicate column name 'hq_x'
[21:58:46] [ERROR] error #1060 while executing query "ALTER TABLE `factions` ADD COLUMN `hq_y`       FLOAT DEFAULT 0.0": Duplicate column name 'hq_y'
[21:58:46] [ERROR] error #1060 while executing query "ALTER TABLE `factions` ADD COLUMN `hq_z`       FLOAT DEFAULT 0.0": Duplicate column name 'hq_z'
[21:58:46] [ERROR] error #1060 while executing query "ALTER TABLE `houses` ADD COLUMN `owner_id` INT DEFAULT 0": Duplicate column name 'owner_id'
[21:58:46] [ERROR] error #1060 while executing query "ALTER TABLE `houses` ADD COLUMN `price`    INT DEFAULT 50000": Duplicate column name 'price'
[22:41:55] [WARNING] mysql_connect: no password specified
[22:41:55] [ERROR] error #1060 while executing query "ALTER TABLE `players` ADD COLUMN `faction` INT DEFAULT 0": Duplicate column name 'faction'
[22:41:55] [ERROR] error #1060 while executing query "ALTER TABLE `players` ADD COLUMN `house` INT DEFAULT 999": Duplicate column name 'house'
[22:41:55] [ERROR] error #1060 while executing query "ALTER TABLE `players` ADD COLUMN `spawn_type` INT DEFAULT 1": Duplicate column name 'spawn_type'
[22:41:55] [ERROR] error #1060 while executing query "ALTER TABLE `factions` ADD COLUMN `pickup_id`  INT   DEFAULT -1": Duplicate column name 'pickup_id'
[22:41:55] [ERROR] error #1060 while executing query "ALTER TABLE `factions` ADD COLUMN `mapicon_id` INT   DEFAULT -1": Duplicate column name 'mapicon_id'
[22:41:55] [ERROR] error #1060 while executing query "ALTER TABLE `factions` ADD COLUMN `hq_x`       FLOAT DEFAULT 0.0": Duplicate column name 'hq_x'
[22:41:55] [ERROR] error #1060 while executing query "ALTER TABLE `factions` ADD COLUMN `hq_y`       FLOAT DEFAULT 0.0": Duplicate column name 'hq_y'
[22:41:55] [ERROR] error #1060 while executing query "ALTER TABLE `factions` ADD COLUMN `hq_z`       FLOAT DEFAULT 0.0": Duplicate column name 'hq_z'
[22:41:55] [ERROR] error #1060 while executing query "ALTER TABLE `houses` ADD COLUMN `owner_id` INT DEFAULT 0": Duplicate column name 'owner_id'
[22:41:55] [ERROR] error #1060 while executing query "ALTER TABLE `houses` ADD COLUMN `price`    INT DEFAULT 50000": Duplicate column name 'price'
[23:10:25] [WARNING] mysql_connect: no password specified
[23:10:25] [ERROR] error #1060 while executing query "ALTER TABLE `players` ADD COLUMN `faction` INT DEFAULT 0": Duplicate column name 'faction'
[23:10:25] [ERROR] error #1060 while executing query "ALTER TABLE `players` ADD COLUMN `house` INT DEFAULT 999": Duplicate column name 'house'
[23:10:25] [ERROR] error #1060 while executing query "ALTER TABLE `players` ADD COLUMN `spawn_type` INT DEFAULT 1": Duplicate column name 'spawn_type'
[23:10:25] [ERROR] error #1060 while executing query "ALTER TABLE `factions` ADD COLUMN `pickup_id`  INT   DEFAULT -1": Duplicate column name 'pickup_id'
[23:10:25] [ERROR] error #1060 while executing query "ALTER TABLE `factions` ADD COLUMN `mapicon_id` INT   DEFAULT -1": Duplicate column name 'mapicon_id'
[23:10:25] [ERROR] error #1060 while executing query "ALTER TABLE `factions` ADD COLUMN `hq_x`       FLOAT DEFAULT 0.0": Duplicate column name 'hq_x'
[23:10:25] [ERROR] error #1060 while executing query "ALTER TABLE `factions` ADD COLUMN `hq_y`       FLOAT DEFAULT 0.0": Duplicate column name 'hq_y'
[23:10:25] [ERROR] error #1060 while executing query "ALTER TABLE `factions` ADD COLUMN `hq_z`       FLOAT DEFAULT 0.0": Duplicate column name 'hq_z'
[23:10:25] [ERROR] error #1060 while executing query "ALTER TABLE `houses` ADD COLUMN `owner_id` INT DEFAULT 0": Duplicate column name 'owner_id'
[23:10:25] [ERROR] error #1060 while executing query "ALTER TABLE `houses` ADD COLUMN `price`    INT DEFAULT 50000": Duplicate column name 'price'
[23:25:55] [WARNING] mysql_connect: no password specified
[23:25:55] [ERROR] error #1060 while executing query "ALTER TABLE `players` ADD COLUMN `faction` INT DEFAULT 0": Duplicate column name 'faction'
[23:25:55] [ERROR] error #1060 while executing query "ALTER TABLE `players` ADD COLUMN `faction_rank` INT DEFAULT 1": Duplicate column name 'faction_rank'
[23:25:55] [ERROR] error #1060 while executing query "ALTER TABLE `players` ADD COLUMN `house` INT DEFAULT 999": Duplicate column name 'house'
[23:25:55] [ERROR] error #1060 while executing query "ALTER TABLE `players` ADD COLUMN `spawn_type` INT DEFAULT 1": Duplicate column name 'spawn_type'
[23:25:55] [ERROR] error #1060 while executing query "ALTER TABLE `factions` ADD COLUMN `pickup_id`  INT   DEFAULT -1": Duplicate column name 'pickup_id'
[23:25:55] [ERROR] error #1060 while executing query "ALTER TABLE `factions` ADD COLUMN `mapicon_id` INT   DEFAULT -1": Duplicate column name 'mapicon_id'
[23:25:55] [ERROR] error #1060 while executing query "ALTER TABLE `factions` ADD COLUMN `hq_x`       FLOAT DEFAULT 0.0": Duplicate column name 'hq_x'
[23:25:55] [ERROR] error #1060 while executing query "ALTER TABLE `factions` ADD COLUMN `hq_y`       FLOAT DEFAULT 0.0": Duplicate column name 'hq_y'
[23:25:55] [ERROR] error #1060 while executing query "ALTER TABLE `factions` ADD COLUMN `hq_z`       FLOAT DEFAULT 0.0": Duplicate column name 'hq_z'
[23:25:55] [ERROR] error #1060 while executing query "ALTER TABLE `houses` ADD COLUMN `owner_id` INT DEFAULT 0": Duplicate column name 'owner_id'
[23:25:55] [ERROR] error #1060 while executing query "ALTER TABLE `houses` ADD COLUMN `price`    INT DEFAULT 50000": Duplicate column name 'price'
[23:26:55] [WARNING] mysql_connect: no password specified
[23:26:55] [ERROR] error #1060 while executing query "ALTER TABLE `players` ADD COLUMN `faction` INT DEFAULT 0": Duplicate column name 'faction'
[23:26:55] [ERROR] error #1060 while executing query "ALTER TABLE `players` ADD COLUMN `faction_rank` INT DEFAULT 1": Duplicate column name 'faction_rank'
[23:26:55] [ERROR] error #1060 while executing query "ALTER TABLE `players` ADD COLUMN `house` INT DEFAULT 999": Duplicate column name 'house'
[23:26:55] [ERROR] error #1060 while executing query "ALTER TABLE `players` ADD COLUMN `spawn_type` INT DEFAULT 1": Duplicate column name 'spawn_type'
[23:26:55] [ERROR] error #1060 while executing query "ALTER TABLE `factions` ADD COLUMN `pickup_id`  INT   DEFAULT -1": Duplicate column name 'pickup_id'
[23:26:55] [ERROR] error #1060 while executing query "ALTER TABLE `factions` ADD COLUMN `mapicon_id` INT   DEFAULT -1": Duplicate column name 'mapicon_id'
[23:26:55] [ERROR] error #1060 while executing query "ALTER TABLE `factions` ADD COLUMN `hq_x`       FLOAT DEFAULT 0.0": Duplicate column name 'hq_x'
[23:26:55] [ERROR] error #1060 while executing query "ALTER TABLE `factions` ADD COLUMN `hq_y`       FLOAT DEFAULT 0.0": Duplicate column name 'hq_y'
[23:26:55] [ERROR] error #1060 while executing query "ALTER TABLE `factions` ADD COLUMN `hq_z`       FLOAT DEFAULT 0.0": Duplicate column name 'hq_z'
[23:26:55] [ERROR] error #1060 while executing query "ALTER TABLE `houses` ADD COLUMN `owner_id` INT DEFAULT 0": Duplicate column name 'owner_id'
[23:26:55] [ERROR] error #1060 while executing query "ALTER TABLE `houses` ADD COLUMN `price`    INT DEFAULT 50000": Duplicate column name 'price'
[23:43:03] [WARNING] mysql_connect: no password specified
[23:43:03] [ERROR] error #1060 while executing query "ALTER TABLE `players` ADD COLUMN `faction` INT DEFAULT 0": Duplicate column name 'faction'
[23:43:03] [ERROR] error #1060 while executing query "ALTER TABLE `players` ADD COLUMN `faction_rank` INT DEFAULT 1": Duplicate column name 'faction_rank'
[23:43:03] [ERROR] error #1060 while executing query "ALTER TABLE `players` ADD COLUMN `house` INT DEFAULT 999": Duplicate column name 'house'
[23:43:03] [ERROR] error #1060 while executing query "ALTER TABLE `players` ADD COLUMN `spawn_type` INT DEFAULT 1": Duplicate column name 'spawn_type'
[23:43:03] [ERROR] error #1060 while executing query "ALTER TABLE `factions` ADD COLUMN `pickup_id`  INT   DEFAULT -1": Duplicate column name 'pickup_id'
[23:43:03] [ERROR] error #1060 while executing query "ALTER TABLE `factions` ADD COLUMN `mapicon_id` INT   DEFAULT -1": Duplicate column name 'mapicon_id'
[23:43:03] [ERROR] error #1060 while executing query "ALTER TABLE `factions` ADD COLUMN `hq_x`       FLOAT DEFAULT 0.0": Duplicate column name 'hq_x'
[23:43:03] [ERROR] error #1060 while executing query "ALTER TABLE `factions` ADD COLUMN `hq_y`       FLOAT DEFAULT 0.0": Duplicate column name 'hq_y'
[23:43:03] [ERROR] error #1060 while executing query "ALTER TABLE `factions` ADD COLUMN `hq_z`       FLOAT DEFAULT 0.0": Duplicate column name 'hq_z'
[23:43:03] [ERROR] error #1060 while executing query "ALTER TABLE `houses` ADD COLUMN `owner_id` INT DEFAULT 0": Duplicate column name 'owner_id'
[23:43:03] [ERROR] error #1060 while executing query "ALTER TABLE `houses` ADD COLUMN `price`    INT DEFAULT 50000": Duplicate column name 'price'
[00:10:07] [WARNING] mysql_connect: no password specified
[00:10:07] [ERROR] error #1060 while executing query "ALTER TABLE `players` ADD COLUMN `faction` INT DEFAULT 0": Duplicate column name 'faction'
[00:10:07] [ERROR] error #1060 while executing query "ALTER TABLE `players` ADD COLUMN `faction_rank` INT DEFAULT 1": Duplicate column name 'faction_rank'
[00:10:07] [ERROR] error #1060 while executing query "ALTER TABLE `players` ADD COLUMN `house` INT DEFAULT 999": Duplicate column name 'house'
[00:10:07] [ERROR] error #1060 while executing query "ALTER TABLE `players` ADD COLUMN `spawn_type` INT DEFAULT 1": Duplicate column name 'spawn_type'
[00:10:07] [ERROR] error #1060 while executing query "ALTER TABLE `factions` ADD COLUMN `pickup_id`  INT   DEFAULT -1": Duplicate column name 'pickup_id'
[00:10:07] [ERROR] error #1060 while executing query "ALTER TABLE `factions` ADD COLUMN `mapicon_id` INT   DEFAULT -1": Duplicate column name 'mapicon_id'
[00:10:07] [ERROR] error #1060 while executing query "ALTER TABLE `factions` ADD COLUMN `hq_x`       FLOAT DEFAULT 0.0": Duplicate column name 'hq_x'
[00:10:07] [ERROR] error #1060 while executing query "ALTER TABLE `factions` ADD COLUMN `hq_y`       FLOAT DEFAULT 0.0": Duplicate column name 'hq_y'
[00:10:07] [ERROR] error #1060 while executing query "ALTER TABLE `factions` ADD COLUMN `hq_z`       FLOAT DEFAULT 0.0": Duplicate column name 'hq_z'
[00:10:07] [ERROR] error #1060 while executing query "ALTER TABLE `houses` ADD COLUMN `owner_id` INT DEFAULT 0": Duplicate column name 'owner_id'
[00:10:07] [ERROR] error #1060 while executing query "ALTER TABLE `houses` ADD COLUMN `price`    INT DEFAULT 50000": Duplicate column name 'price'
