[00:39:31] [plugins/mysql] error #1060 while executing query "ALTER TABLE `players` ADD COLUMN `faction` INT DEFAULT 0": Duplicate column name 'faction'
[00:39:31] [plugins/mysql] error #1060 while executing query "ALTER TABLE `players` ADD COLUMN `faction_rank` INT DEFAULT 1": Duplicate column name 'faction_rank'
[00:39:31] [plugins/mysql] error #1060 while executing query "ALTER TABLE `players` ADD COLUMN `faction_join` DATE DEFAULT NULL": Duplicate column name 'faction_join'
[00:39:31] [plugins/mysql] error #1060 while executing query "ALTER TABLE `players` ADD COLUMN `house` INT DEFAULT 999": Duplicate column name 'house'
[00:39:31] [plugins/mysql] error #1060 while executing query "ALTER TABLE `players` ADD COLUMN `business` INT DEFAULT 999": Duplicate column name 'business'
[00:39:31] [plugins/mysql] error #1060 while executing query "ALTER TABLE `players` ADD COLUMN `spawn_type` INT DEFAULT 1": Duplicate column name 'spawn_type'
[00:39:31] [plugins/mysql] error #1060 while executing query "ALTER TABLE `players` ADD COLUMN `key1` INT DEFAULT 0": Duplicate column name 'key1'
[00:39:31] [plugins/mysql] error #1060 while executing query "ALTER TABLE `players` ADD COLUMN `key2` INT DEFAULT 0": Duplicate column name 'key2'
[00:39:31] [plugins/mysql] error #1060 while executing query "ALTER TABLE `players` ADD COLUMN `key3` INT DEFAULT 0": Duplicate column name 'key3'
[00:39:31] [plugins/mysql] error #1060 while executing query "ALTER TABLE `players` ADD COLUMN `driving_lic_a_exp` DATE DEFAULT NULL": Duplicate column name 'driving_lic_a_exp'
[00:39:31] [plugins/mysql] error #1060 while executing query "ALTER TABLE `players` ADD COLUMN `driving_lic_b_exp` DATE DEFAULT NULL": Duplicate column name 'driving_lic_b_exp'
[00:39:31] [plugins/mysql] error #1060 while executing query "ALTER TABLE `players` ADD COLUMN `driving_lic_c_exp` DATE DEFAULT NULL": Duplicate column name 'driving_lic_c_exp'
[00:39:31] [plugins/mysql] error #1060 while executing query "ALTER TABLE `players` ADD COLUMN `driving_lic_d_exp` DATE DEFAULT NULL": Duplicate column name 'driving_lic_d_exp'
[00:39:31] [plugins/mysql] error #1060 while executing query "ALTER TABLE `factions` ADD COLUMN `pickup_id`  INT   DEFAULT -1": Duplicate column name 'pickup_id'
[00:39:31] [plugins/mysql] error #1060 while executing query "ALTER TABLE `factions` ADD COLUMN `mapicon_id` INT   DEFAULT -1": Duplicate column name 'mapicon_id'
[00:39:31] [plugins/mysql] error #1060 while executing query "ALTER TABLE `factions` ADD COLUMN `hq_x`       FLOAT DEFAULT 0.0": Duplicate column name 'hq_x'
[00:39:31] [plugins/mysql] error #1060 while executing query "ALTER TABLE `factions` ADD COLUMN `hq_y`       FLOAT DEFAULT 0.0": Duplicate column name 'hq_y'
[00:39:31] [plugins/mysql] error #1060 while executing query "ALTER TABLE `factions` ADD COLUMN `hq_z`       FLOAT DEFAULT 0.0": Duplicate column name 'hq_z'
[00:39:31] [plugins/mysql] error #1060 while executing query "ALTER TABLE `payday_setup` ADD COLUMN `insurance_price`    INT DEFAULT 500": Duplicate column name 'insurance_price'
[00:39:31] [plugins/mysql] error #1060 while executing query "ALTER TABLE `payday_setup` ADD COLUMN `medkit_price`       INT DEFAULT 500": Duplicate column name 'medkit_price'
[00:39:31] [plugins/mysql] error #1060 while executing query "ALTER TABLE `payday_setup` ADD COLUMN `extinguisher_price` INT DEFAULT 500": Duplicate column name 'extinguisher_price'
[00:39:31] [plugins/mysql] error #1060 while executing query "ALTER TABLE `payday_setup` ADD COLUMN `itp_price`          INT DEFAULT 750": Duplicate column name 'itp_price'
[00:39:31] [plugins/mysql] error #1060 while executing query "ALTER TABLE `payday_setup` ADD COLUMN `plate_price`        INT DEFAULT 250": Duplicate column name 'plate_price'
[00:39:31] [plugins/mysql] error #1060 while executing query "ALTER TABLE `payday_setup` ADD COLUMN `rent_bike_price`    INT DEFAULT 15": Duplicate column name 'rent_bike_price'
[00:39:31] [plugins/mysql] error #1060 while executing query "ALTER TABLE `payday_setup` ADD COLUMN `exam_b_price`       INT DEFAULT 300": Duplicate column name 'exam_b_price'
[00:39:31] [plugins/mysql] error #1060 while executing query "ALTER TABLE `houses` ADD COLUMN `owner_id` INT DEFAULT 0": Duplicate column name 'owner_id'
[00:39:31] [plugins/mysql] error #1060 while executing query "ALTER TABLE `houses` ADD COLUMN `price`    INT DEFAULT 50000": Duplicate column name 'price'
[00:39:31] [plugins/mysql] error #1060 while executing query "ALTER TABLE `businesses` ADD COLUMN `name` VARCHAR(32) DEFAULT 'Business'": Duplicate column name 'name'
[00:39:31] [plugins/mysql] error #1061 while executing query "ALTER TABLE `vehicles_personal` ADD UNIQUE `plate_unique` (`plate`)": Duplicate key name 'plate_unique'
[00:39:31] [plugins/mysql] error #1060 while executing query "ALTER TABLE `vehicles_personal` ADD COLUMN `itp_exp` DATE DEFAULT NULL": Duplicate column name 'itp_exp'
